[1008/171637.174:ERROR:file_io.cc(134)] WriteFile: There is not enough space on the disk. (0x70)
[1008/171637.178:ERROR:file_io.cc(134)] WriteFile: There is not enough space on the disk. (0x70)
[1008/171637.178:ERROR:file_io.cc(134)] WriteFile: There is not enough space on the disk. (0x70)
[1008/171637.179:ERROR:file_io.cc(134)] WriteFile: There is not enough space on the disk. (0x70)
[1008/171637.179:ERROR:file_io.cc(134)] WriteFile: There is not enough space on the disk. (0x70)
[1008/171637.179:ERROR:file_io.cc(134)] WriteFile: There is not enough space on the disk. (0x70)
[1008/171637.179:ERROR:file_io.cc(134)] WriteFile: There is not enough space on the disk. (0x70)
[1008/171638.245:ERROR:process_reader_win.cc(182)] ResumeThread: The parameter is incorrect. (0x57)
[1008/171638.246:ERROR:process_reader_win.cc(151)] SuspendThread: Access is denied. (0x5)
[1008/171638.246:ERROR:process_reader_win.cc(151)] SuspendThread: Access is denied. (0x5)
[1008/171638.246:ERROR:process_reader_win.cc(151)] SuspendThread: Access is denied. (0x5)
[1008/171638.298:ERROR:file_io.cc(134)] WriteFile: There is not enough space on the disk. (0x70)
[1008/171638.298:ERROR:file_io.cc(134)] WriteFile: There is not enough space on the disk. (0x70)
[1008/171638.298:ERROR:file_io.cc(134)] WriteFile: There is not enough space on the disk. (0x70)
[1008/171638.298:ERROR:file_io.cc(134)] WriteFile: There is not enough space on the disk. (0x70)
[1008/171638.298:ERROR:file_io.cc(134)] WriteFile: There is not enough space on the disk. (0x70)
[1008/171638.299:ERROR:file_io.cc(134)] WriteFile: There is not enough space on the disk. (0x70)
[1008/171638.299:ERROR:file_io.cc(134)] WriteFile: There is not enough space on the disk. (0x70)
[1008/171638.299:ERROR:file_io.cc(134)] WriteFile: There is not enough space on the disk. (0x70)
[1008/171638.299:ERROR:file_io.cc(134)] WriteFile: There is not enough space on the disk. (0x70)
[1008/171638.299:ERROR:file_io.cc(134)] WriteFile: There is not enough space on the disk. (0x70)
[1008/171638.299:ERROR:file_io.cc(134)] WriteFile: There is not enough space on the disk. (0x70)
[1008/171638.299:ERROR:file_io.cc(134)] WriteFile: There is not enough space on the disk. (0x70)
[1008/171638.299:ERROR:file_io.cc(134)] WriteFile: There is not enough space on the disk. (0x70)
[1008/171638.300:ERROR:file_io.cc(134)] WriteFile: There is not enough space on the disk. (0x70)
[1008/171638.300:ERROR:crash_report_exception_handler.cc(111)] WriteEverything failed
[1008/171638.300:ERROR:filesystem_win.cc(148)] DeleteFile C:\Users\tmartin2\AppData\Local\Google\Chrome\User Data\Crashpad\reports\1e10a29c-faef-411e-9677-67d3923efd18.dmp: The process cannot access the file because it is being used by another process. (0x20)
[1008/171638.301:ERROR:scoped_process_suspend.cc(40)] NtResumeProcess: An attempt was made to access an exiting process. (0xc000010a)
